TN:
SF:src\game\Board.js
FN:4,(anonymous_0)
FN:7,(anonymous_1)
FN:10,(anonymous_2)
FN:18,(anonymous_3)
FN:26,(anonymous_4)
FN:34,(anonymous_5)
FN:41,(anonymous_6)
FN:45,(anonymous_7)
FN:47,(anonymous_8)
FN:49,(anonymous_9)
FNF:10
FNH:10
FNDA:35,(anonymous_0)
FNDA:350,(anonymous_1)
FNDA:39,(anonymous_2)
FNDA:7,(anonymous_3)
FNDA:5,(anonymous_4)
FNDA:534,(anonymous_5)
FNDA:665,(anonymous_6)
FNDA:2,(anonymous_7)
FNDA:20,(anonymous_8)
FNDA:200,(anonymous_9)
DA:5,35
DA:7,350
DA:11,39
DA:12,2
DA:14,37
DA:15,37
DA:19,7
DA:20,1
DA:22,6
DA:23,6
DA:27,5
DA:28,1
DA:30,4
DA:31,4
DA:35,534
DA:36,2
DA:38,532
DA:42,665
DA:46,2
DA:48,20
DA:50,200
DA:51,1
DA:53,199
LF:23
LH:23
BRDA:11,0,0,2
BRDA:11,0,1,37
BRDA:11,1,0,39
BRDA:11,1,1,37
BRDA:19,2,0,1
BRDA:19,2,1,6
BRDA:27,3,0,1
BRDA:27,3,1,4
BRDA:35,4,0,2
BRDA:35,4,1,532
BRDA:42,5,0,665
BRDA:42,5,1,663
BRDA:42,5,2,656
BRDA:42,5,3,656
BRDA:45,6,0,1
BRDA:50,7,0,1
BRDA:50,7,1,199
BRDA:50,8,0,200
BRDA:50,8,1,100
BRF:19
BRH:19
end_of_record
TN:
SF:src\game\Ship.js
FN:4,(anonymous_0)
FN:9,(anonymous_1)
FN:13,(anonymous_2)
FN:22,(anonymous_3)
FN:23,(anonymous_4)
FNF:5
FNH:5
FNDA:17,(anonymous_0)
FNDA:42,(anonymous_1)
FNDA:10,(anonymous_2)
FNDA:5,(anonymous_3)
FNDA:14,(anonymous_4)
DA:5,17
DA:6,17
DA:10,42
DA:14,10
DA:15,10
DA:16,9
DA:17,9
DA:19,1
DA:23,14
LF:9
LH:9
BRDA:15,0,0,9
BRDA:15,0,1,1
BRF:2
BRH:2
end_of_record
TN:
SF:src\players\CPUPlayer.js
FN:6,(anonymous_0)
FN:14,(anonymous_1)
FN:33,(anonymous_2)
FN:58,(anonymous_3)
FN:81,(anonymous_4)
FN:123,(anonymous_5)
FN:137,(anonymous_6)
FN:168,(anonymous_7)
FNF:8
FNH:8
FNDA:19,(anonymous_0)
FNDA:1,(anonymous_1)
FNDA:15,(anonymous_2)
FNDA:102,(anonymous_3)
FNDA:16,(anonymous_4)
FNDA:5,(anonymous_5)
FNDA:5,(anonymous_6)
FNDA:10,(anonymous_7)
DA:7,19
DA:8,19
DA:9,19
DA:10,19
DA:11,19
DA:15,1
DA:16,1
DA:17,3
DA:18,3
DA:20,3
DA:21,8
DA:22,8
DA:23,8
DA:25,8
DA:28,3
DA:30,1
DA:34,15
DA:35,15
DA:36,44
DA:37,44
DA:39,44
DA:40,3
DA:43,41
DA:46,12
DA:47,7
DA:50,5
DA:51,15
DA:52,15
DA:55,5
DA:62,102
DA:63,438
DA:64,1
DA:65,1
DA:66,1
DA:67,1
DA:69,437
DA:70,437
DA:71,437
DA:72,437
DA:73,437
DA:77,102
DA:78,102
DA:82,16
DA:83,16
DA:84,16
DA:85,16
DA:86,16
DA:87,16
DA:88,16
DA:90,16
DA:91,14
DA:92,14
DA:93,14
DA:95,14
DA:96,5
DA:97,5
DA:98,5
DA:99,5
DA:100,5
DA:101,5
DA:105,14
DA:106,12
DA:107,8
DA:108,8
DA:111,2
DA:112,2
DA:113,2
DA:114,2
DA:116,2
DA:117,1
DA:118,1
DA:119,1
DA:124,5
DA:126,5
DA:127,5
DA:129,5
DA:130,4
DA:131,1
DA:132,1
DA:134,0
DA:138,5
DA:139,5
DA:141,5
DA:142,4
DA:143,4
DA:145,4
DA:146,3
DA:147,3
DA:149,4
DA:150,3
DA:151,3
DA:153,1
DA:154,1
DA:155,1
DA:157,1
DA:158,1
DA:159,1
DA:161,1
DA:162,1
DA:163,1
DA:169,10
DA:176,10
DA:177,40
DA:184,29
DA:185,29
LF:105
LH:104
BRDA:21,0,0,2
BRDA:21,0,1,6
BRDA:36,1,0,24
BRDA:36,1,1,20
BRDA:37,2,0,24
BRDA:37,2,1,20
BRDA:39,3,0,3
BRDA:39,3,1,41
BRDA:46,4,0,7
BRDA:46,4,1,5
BRDA:63,5,0,1
BRDA:63,5,1,437
BRDA:63,6,0,438
BRDA:63,6,1,1
BRDA:90,7,0,14
BRDA:90,7,1,2
BRDA:95,8,0,5
BRDA:95,8,1,9
BRDA:98,9,0,5
BRDA:98,9,1,0
BRDA:105,10,0,12
BRDA:105,10,1,2
BRDA:106,11,0,8
BRDA:106,11,1,4
BRDA:116,12,0,1
BRDA:116,12,1,1
BRDA:116,13,0,2
BRDA:116,13,1,2
BRDA:124,14,0,0
BRDA:124,14,1,5
BRDA:129,15,0,4
BRDA:129,15,1,1
BRDA:131,16,0,1
BRDA:131,16,1,0
BRDA:141,17,0,4
BRDA:141,17,1,1
BRDA:145,18,0,3
BRDA:145,18,1,1
BRDA:145,19,0,4
BRDA:145,19,1,4
BRDA:149,20,0,3
BRDA:149,20,1,1
BRDA:149,21,0,4
BRDA:149,21,1,4
BRDA:153,22,0,1
BRDA:153,22,1,0
BRDA:157,23,0,1
BRDA:157,23,1,0
BRDA:157,24,0,1
BRDA:157,24,1,1
BRDA:161,25,0,1
BRDA:161,25,1,0
BRDA:161,26,0,1
BRDA:161,26,1,1
BRDA:177,27,0,29
BRDA:177,27,1,11
BRDA:178,28,0,40
BRDA:178,28,1,35
BRDA:178,28,2,35
BRDA:178,28,3,30
BRDA:178,28,4,30
BRF:61
BRH:55
end_of_record
TN:
SF:src\players\HumanPlayer.js
FN:6,(anonymous_0)
FN:11,(anonymous_1)
FN:30,(anonymous_2)
FN:56,(anonymous_3)
FN:57,(anonymous_4)
FN:58,(anonymous_5)
FN:71,(anonymous_6)
FNF:7
FNH:4
FNDA:7,(anonymous_0)
FNDA:1,(anonymous_1)
FNDA:12,(anonymous_2)
FNDA:0,(anonymous_3)
FNDA:0,(anonymous_4)
FNDA:0,(anonymous_5)
FNDA:7,(anonymous_6)
DA:7,7
DA:8,7
DA:12,1
DA:13,1
DA:14,3
DA:15,3
DA:17,3
DA:18,4
DA:19,4
DA:20,4
DA:22,4
DA:25,3
DA:27,1
DA:31,12
DA:32,12
DA:33,36
DA:34,36
DA:36,36
DA:37,0
DA:40,36
DA:44,12
DA:45,6
DA:48,6
DA:49,18
DA:50,18
DA:53,6
DA:57,0
DA:58,0
DA:59,0
DA:60,0
DA:61,0
DA:62,0
DA:64,0
DA:65,0
DA:72,7
DA:73,2
DA:76,5
DA:77,5
DA:79,5
LF:39
LH:30
BRDA:18,0,0,1
BRDA:18,0,1,3
BRDA:33,1,0,24
BRDA:33,1,1,12
BRDA:34,2,0,24
BRDA:34,2,1,12
BRDA:36,3,0,0
BRDA:36,3,1,36
BRDA:44,4,0,6
BRDA:44,4,1,6
BRDA:59,5,0,0
BRDA:59,5,1,0
BRDA:72,6,0,2
BRDA:72,6,1,5
BRDA:72,7,0,7
BRDA:72,7,1,7
BRDA:80,8,0,5
BRDA:80,8,1,4
BRDA:80,8,2,4
BRDA:80,8,3,4
BRDA:80,8,4,4
BRDA:80,8,5,4
BRF:22
BRH:19
end_of_record
TN:
SF:src\players\Player.js
FN:6,(anonymous_0)
FN:13,(anonymous_1)
FN:17,(anonymous_2)
FN:21,(anonymous_3)
FN:50,(anonymous_4)
FN:55,(anonymous_5)
FNF:6
FNH:3
FNDA:26,(anonymous_0)
FNDA:0,(anonymous_1)
FNDA:0,(anonymous_2)
FNDA:5,(anonymous_3)
FNDA:0,(anonymous_4)
FNDA:24,(anonymous_5)
DA:7,26
DA:8,26
DA:9,26
DA:10,26
DA:14,0
DA:18,0
DA:22,5
DA:23,5
DA:24,1
DA:27,4
DA:28,4
DA:29,4
DA:31,4
DA:32,3
DA:33,3
DA:34,3
DA:35,3
DA:36,1
DA:37,1
DA:39,3
DA:43,4
DA:44,1
DA:47,4
DA:51,0
DA:56,24
DA:57,51
DA:58,137
DA:59,387
DA:60,387
DA:61,387
DA:68,13
DA:73,11
LF:32
LH:29
BRDA:23,0,0,1
BRDA:23,0,1,4
BRDA:32,1,0,3
BRDA:32,1,1,0
BRDA:35,2,0,1
BRDA:35,2,1,2
BRDA:43,3,0,1
BRDA:43,3,1,3
BRDA:61,4,0,13
BRDA:61,4,1,374
BRDA:62,5,0,387
BRDA:62,5,1,348
BRDA:62,5,2,339
BRDA:62,5,3,326
BRDA:62,5,4,326
BRF:15
BRH:14
end_of_record
TN:
SF:src\utils\constants.js
FNF:0
FNH:0
DA:1,3
DA:2,3
DA:3,3
DA:5,3
DA:12,3
LF:5
LH:5
BRF:0
BRH:0
end_of_record
